*** Starting uWSGI 2.0.15 (32bit) on [Tue Feb  6 08:48:42 2018] ***
compiled with version: 4.4.7 20120313 (Red Hat 4.4.7-18) on 05 February 2018 11:22:18
os: Linux-4.10.4-1.el6.elrepo.i686 #1 SMP Sat Mar 18 11:05:18 EDT 2017
nodename: host.localdomain
machine: i686
clock source: unix
pcre jit disabled
detected number of CPU cores: 1
current working directory: /
detected binary path: /var/www/html/pricing_service/venv/bin/uwsgi
uWSGI running as root, you can use --uid/--gid/--chroot options
*** WARNING: you are running uWSGI as root !!! (use the --uid flag) *** 
your processes number limit is 3897
your memory page size is 4096 bytes
 *** WARNING: you have enabled harakiri without post buffering. Slow upload could be rejected on post-unbuffered webservers *** 
detected max file descriptor number: 1024
lock engine: pthread robust mutexes
thunder lock: disabled (you can enable it with --thunder-lock)
uwsgi socket 0 bound to UNIX address /var/www/html/pricing_service/socket.sock fd 3
Python version: 3.4.5 (default, Dec 11 2017, 16:56:55)  [GCC 4.4.7 20120313 (Red Hat 4.4.7-18)]
Set PythonHome to /var/www/html/pricing_service/venv
Python main interpreter initialized at 0x9984928
python threads support enabled
your server socket listen backlog is limited to 100 connections
your mercy for graceful operations on workers is 60 seconds
mapped 1042848 bytes (1018 KB) for 64 cores
*** Operational MODE: preforking+threaded ***
added /var/www/html/pricing_service/ to pythonpath.
WSGI app 0 (mountpoint='') ready in 1 seconds on interpreter 0x9984928 pid: 24367 (default app)
*** uWSGI is running in multiple interpreter mode ***
spawned uWSGI master process (pid: 24367)
spawned uWSGI worker 1 (pid: 24371, cores: 8)
spawned uWSGI worker 2 (pid: 24372, cores: 8)
spawned uWSGI worker 3 (pid: 24373, cores: 8)
spawned uWSGI worker 4 (pid: 24374, cores: 8)
spawned uWSGI worker 5 (pid: 24375, cores: 8)
spawned uWSGI worker 6 (pid: 24376, cores: 8)
spawned uWSGI worker 7 (pid: 24377, cores: 8)
spawned uWSGI worker 8 (pid: 24378, cores: 8)
[pid: 24374|app: 0|req: 1/1] 23.105.219.230 () {42 vars in 720 bytes} [Tue Feb  6 08:49:51 2018] GET / => generated 2469 bytes in 48 msecs (HTTP/1.1 200) 2 headers in 81 bytes (1 switches on core 0)
announcing my loyalty to the Emperor...
[pid: 24374|app: 0|req: 2/2] 23.105.219.230 () {40 vars in 665 bytes} [Tue Feb  6 08:49:52 2018] GET /static/css/style.css => generated 2940 bytes in 58 msecs via sendfile() (HTTP/1.1 200) 7 headers in 280 bytes (0 switches on core 3)
[pid: 24374|app: 0|req: 3/3] 23.105.219.230 () {44 vars in 721 bytes} [Tue Feb  6 08:50:09 2018] GET /favicon.ico => generated 233 bytes in 4 msecs (HTTP/1.1 404) 2 headers in 72 bytes (1 switches on core 6)
[pid: 24374|app: 0|req: 4/4] 112.90.82.218 () {38 vars in 621 bytes} [Tue Feb  6 08:50:22 2018] GET / => generated 2469 bytes in 3 msecs (HTTP/1.1 200) 2 headers in 81 bytes (1 switches on core 7)
[pid: 24374|app: 0|req: 5/5] 223.104.64.41 () {42 vars in 795 bytes} [Tue Feb  6 08:50:25 2018] GET / => generated 2469 bytes in 3 msecs (HTTP/1.1 200) 2 headers in 81 bytes (1 switches on core 5)
[pid: 24374|app: 0|req: 6/6] 223.104.64.41 () {40 vars in 750 bytes} [Tue Feb  6 08:50:25 2018] GET /static/css/style.css => generated 2940 bytes in 2 msecs via sendfile() (HTTP/1.1 200) 7 headers in 280 bytes (0 switches on core 1)
[pid: 24374|app: 0|req: 7/7] 23.105.219.230 () {42 vars in 755 bytes} [Tue Feb  6 08:50:44 2018] GET /users/register => generated 2706 bytes in 7 msecs (HTTP/1.1 200) 2 headers in 81 bytes (1 switches on core 2)
[pid: 24374|app: 0|req: 8/8] 23.105.219.230 () {42 vars in 749 bytes} [Tue Feb  6 08:51:12 2018] GET /users/login => generated 1883 bytes in 10 msecs (HTTP/1.1 200) 2 headers in 81 bytes (1 switches on core 4)
[pid: 24378|app: 0|req: 1/9] 120.204.17.71 () {36 vars in 501 bytes} [Tue Feb  6 08:51:22 2018] GET / => generated 2469 bytes in 49 msecs (HTTP/1.1 200) 2 headers in 81 bytes (1 switches on core 0)
announcing my loyalty to the Emperor...
[pid: 24378|app: 0|req: 2/10] 23.105.219.230 () {42 vars in 755 bytes} [Tue Feb  6 08:51:27 2018] GET /users/register => generated 2706 bytes in 5 msecs (HTTP/1.1 200) 2 headers in 81 bytes (1 switches on core 7)
[pid: 24378|app: 0|req: 3/11] 113.64.82.54 () {42 vars in 801 bytes} [Tue Feb  6 08:52:06 2018] GET / => generated 2469 bytes in 2 msecs (HTTP/1.1 200) 2 headers in 81 bytes (1 switches on core 2)
[pid: 24374|app: 0|req: 9/12] 113.64.82.54 () {40 vars in 756 bytes} [Tue Feb  6 08:52:06 2018] GET /static/css/style.css => generated 2940 bytes in 2 msecs via sendfile() (HTTP/1.1 200) 7 headers in 280 bytes (0 switches on core 0)
[pid: 24378|app: 0|req: 4/13] 113.64.82.54 () {42 vars in 801 bytes} [Tue Feb  6 08:52:16 2018] GET / => generated 2469 bytes in 5 msecs (HTTP/1.1 200) 2 headers in 81 bytes (1 switches on core 3)
[pid: 24378|app: 0|req: 5/14] 113.64.82.54 () {42 vars in 801 bytes} [Tue Feb  6 08:52:57 2018] GET / => generated 2469 bytes in 3 msecs (HTTP/1.1 200) 2 headers in 81 bytes (1 switches on core 1)
[pid: 24378|app: 0|req: 6/15] 113.64.82.54 () {42 vars in 824 bytes} [Tue Feb  6 08:52:58 2018] GET /users/register => generated 2706 bytes in 2 msecs (HTTP/1.1 200) 2 headers in 81 bytes (1 switches on core 4)
[pid: 24371|app: 0|req: 1/16] 14.17.21.58 () {38 vars in 647 bytes} [Tue Feb  6 08:52:59 2018] GET /users/register => generated 2706 bytes in 48 msecs (HTTP/1.1 200) 2 headers in 81 bytes (1 switches on core 0)
announcing my loyalty to the Emperor...
[pid: 24378|app: 0|req: 7/17] 113.64.82.54 () {40 vars in 758 bytes} [Tue Feb  6 08:53:05 2018] GET / => generated 2469 bytes in 2 msecs (HTTP/1.1 200) 2 headers in 81 bytes (1 switches on core 5)
[pid: 24378|app: 0|req: 8/18] 113.64.82.54 () {42 vars in 801 bytes} [Tue Feb  6 08:53:18 2018] GET / => generated 2469 bytes in 2 msecs (HTTP/1.1 200) 2 headers in 81 bytes (1 switches on core 6)
[pid: 24371|app: 0|req: 2/19] 113.64.82.54 () {42 vars in 796 bytes} [Tue Feb  6 08:53:22 2018] GET / => generated 2469 bytes in 6 msecs (HTTP/1.1 200) 2 headers in 81 bytes (1 switches on core 1)
[pid: 24371|app: 0|req: 3/20] 113.64.82.54 () {42 vars in 824 bytes} [Tue Feb  6 08:53:24 2018] GET /users/register => generated 2706 bytes in 3 msecs (HTTP/1.1 200) 2 headers in 81 bytes (1 switches on core 2)
[pid: 24371|app: 0|req: 4/21] 113.64.82.54 () {42 vars in 801 bytes} [Tue Feb  6 08:53:45 2018] GET / => generated 2469 bytes in 2 msecs (HTTP/1.1 200) 2 headers in 81 bytes (1 switches on core 3)
[pid: 24371|app: 0|req: 5/22] 113.64.82.54 () {42 vars in 824 bytes} [Tue Feb  6 08:53:50 2018] GET /users/register => generated 2706 bytes in 2 msecs (HTTP/1.1 200) 2 headers in 81 bytes (1 switches on core 4)
[pid: 24371|app: 0|req: 6/23] 101.226.102.97 () {36 vars in 566 bytes} [Tue Feb  6 08:53:58 2018] GET /users/register => generated 2706 bytes in 2 msecs (HTTP/1.1 200) 2 headers in 81 bytes (1 switches on core 5)
[pid: 24371|app: 0|req: 7/24] 113.64.82.54 () {48 vars in 989 bytes} [Tue Feb  6 08:54:59 2018] POST /users/register => generated 233 bytes in 140 msecs (HTTP/1.1 302) 4 headers in 242 bytes (1 switches on core 6)
[pid: 24371|app: 0|req: 8/25] 113.64.82.54 () {46 vars in 966 bytes} [Tue Feb  6 08:54:59 2018] GET /users/alerts => generated 2349 bytes in 18 msecs (HTTP/1.1 200) 2 headers in 81 bytes (1 switches on core 7)
[pid: 24374|app: 0|req: 10/26] 14.17.21.58 () {38 vars in 643 bytes} [Tue Feb  6 08:55:00 2018] GET /users/alerts => generated 277 bytes in 4 msecs (HTTP/1.1 302) 3 headers in 151 bytes (1 switches on core 3)
[pid: 24374|app: 0|req: 11/27] 14.17.21.58 () {40 vars in 736 bytes} [Tue Feb  6 08:55:00 2018] GET /users/login?next=%2Fusers%2Falerts => generated 1883 bytes in 2 msecs (HTTP/1.1 200) 2 headers in 81 bytes (1 switches on core 6)
[pid: 24377|app: 0|req: 1/28] 113.64.82.54 () {44 vars in 924 bytes} [Tue Feb  6 08:55:05 2018] GET /alerts/new => generated 3124 bytes in 40 msecs (HTTP/1.1 200) 2 headers in 81 bytes (1 switches on core 0)
announcing my loyalty to the Emperor...
[pid: 24377|app: 0|req: 2/29] 101.226.68.215 () {38 vars in 642 bytes} [Tue Feb  6 08:55:06 2018] GET /alerts/new => generated 273 bytes in 2 msecs (HTTP/1.1 302) 3 headers in 149 bytes (1 switches on core 3)
[pid: 24376|app: 0|req: 1/30] 101.226.68.215 () {40 vars in 733 bytes} [Tue Feb  6 08:55:06 2018] GET /users/login?next=%2Falerts%2Fnew => generated 1883 bytes in 34 msecs (HTTP/1.1 200) 2 headers in 81 bytes (1 switches on core 0)
announcing my loyalty to the Emperor...
[pid: 24376|app: 0|req: 2/31] 113.64.82.54 () {44 vars in 920 bytes} [Tue Feb  6 08:55:08 2018] GET /users/register => generated 2712 bytes in 17 msecs (HTTP/1.1 200) 2 headers in 81 bytes (1 switches on core 2)
[pid: 24376|app: 0|req: 3/32] 113.64.82.54 () {42 vars in 854 bytes} [Tue Feb  6 08:55:08 2018] GET / => generated 2475 bytes in 8 msecs (HTTP/1.1 200) 2 headers in 81 bytes (1 switches on core 5)
[pid: 24376|app: 0|req: 4/33] 101.226.225.59 () {36 vars in 562 bytes} [Tue Feb  6 08:56:00 2018] GET /users/alerts => generated 277 bytes in 3 msecs (HTTP/1.1 302) 3 headers in 151 bytes (1 switches on core 7)
[pid: 24376|app: 0|req: 5/34] 101.226.225.59 () {38 vars in 655 bytes} [Tue Feb  6 08:56:00 2018] GET /users/login?next=%2Fusers%2Falerts => generated 1883 bytes in 2 msecs (HTTP/1.1 200) 2 headers in 81 bytes (1 switches on core 1)
[pid: 24376|app: 0|req: 6/35] 61.151.178.175 () {36 vars in 559 bytes} [Tue Feb  6 08:56:05 2018] GET /alerts/new => generated 273 bytes in 2 msecs (HTTP/1.1 302) 3 headers in 149 bytes (1 switches on core 3)
[pid: 24377|app: 0|req: 3/36] 61.151.178.175 () {38 vars in 650 bytes} [Tue Feb  6 08:56:05 2018] GET /users/login?next=%2Falerts%2Fnew => generated 1883 bytes in 9 msecs (HTTP/1.1 200) 2 headers in 81 bytes (1 switches on core 4)
[pid: 24376|app: 0|req: 7/37] 23.105.219.230 () {44 vars in 786 bytes} [Tue Feb  6 08:58:40 2018] GET /users/register => generated 2706 bytes in 3 msecs (HTTP/1.1 200) 2 headers in 81 bytes (1 switches on core 4)
[pid: 24376|app: 0|req: 8/38] 23.105.219.230 () {42 vars in 763 bytes} [Tue Feb  6 08:58:54 2018] GET /users/login => generated 1883 bytes in 2 msecs (HTTP/1.1 200) 2 headers in 81 bytes (1 switches on core 6)
Traceback (most recent call last):
  File "/var/www/html/pricing_service/venv/lib/python3.4/site-packages/flask/app.py", line 1997, in __call__
  File "/var/www/html/pricing_service/venv/lib/python3.4/site-packages/flask/app.py", line 1985, in wsgi_app
  File "/var/www/html/pricing_service/venv/lib/python3.4/site-packages/flask/app.py", line 1540, in handle_exception
  File "/var/www/html/pricing_service/venv/lib/python3.4/site-packages/flask/_compat.py", line 33, in reraise
  File "/var/www/html/pricing_service/venv/lib/python3.4/site-packages/flask/app.py", line 1982, in wsgi_app
  File "/var/www/html/pricing_service/venv/lib/python3.4/site-packages/flask/app.py", line 1615, in full_dispatch_request
  File "/var/www/html/pricing_service/venv/lib/python3.4/site-packages/flask/app.py", line 1630, in finalize_request
  File "/var/www/html/pricing_service/venv/lib/python3.4/site-packages/flask/app.py", line 1740, in make_response
  File "/var/www/html/pricing_service/venv/lib/python3.4/site-packages/werkzeug/wrappers.py", line 847, in force_type
  File "/var/www/html/pricing_service/venv/lib/python3.4/site-packages/werkzeug/wrappers.py", line 56, in _run_wsgi_app
ImportError: No module named 'werkzeug.test'
[pid: 24377|app: 0|req: 4/39] 61.240.145.4 () {34 vars in 560 bytes} [Tue Feb  6 09:07:33 2018] GET /cgi/online.asp?hostname=[WIN-X6HF63]&httptype=[1][not%20httptunnel] => generated 0 bytes in 4 msecs (HTTP/1.1 500) 0 headers in 0 bytes (0 switches on core 6)
Tue Feb  6 09:08:19 2018 - received message 1 from emperor
...gracefully killing workers...
Gracefully killing worker 1 (pid: 24371)...
Gracefully killing worker 2 (pid: 24372)...
Gracefully killing worker 3 (pid: 24373)...
Gracefully killing worker 4 (pid: 24374)...
Gracefully killing worker 5 (pid: 24375)...
Gracefully killing worker 6 (pid: 24376)...
Gracefully killing worker 7 (pid: 24377)...
Gracefully killing worker 8 (pid: 24378)...
worker 1 buried after 1 seconds
worker 2 buried after 1 seconds
worker 3 buried after 1 seconds
worker 4 buried after 1 seconds
worker 5 buried after 1 seconds
worker 6 buried after 1 seconds
worker 7 buried after 1 seconds
worker 8 buried after 1 seconds
binary reloading uWSGI...
chdir() to /
closing all non-uwsgi socket fds > 2 (max_fd = 1024)...
found fd 3 mapped to socket 0 (/var/www/html/pricing_service/socket.sock)
running /var/www/html/pricing_service/venv/bin/uwsgi
execvp(): No such file or directory [core/master_utils.c line 533]
*** Starting uWSGI 2.0.15 (32bit) on [Tue Feb  6 09:19:01 2018] ***
compiled with version: 4.4.7 20120313 (Red Hat 4.4.7-18) on 05 February 2018 11:22:18
os: Linux-4.10.4-1.el6.elrepo.i686 #1 SMP Sat Mar 18 11:05:18 EDT 2017
nodename: host.localdomain
machine: i686
clock source: unix
pcre jit disabled
detected number of CPU cores: 1
current working directory: /
detected binary path: /var/www/html/venv/bin/uwsgi
uWSGI running as root, you can use --uid/--gid/--chroot options
*** WARNING: you are running uWSGI as root !!! (use the --uid flag) *** 
your processes number limit is 3897
your memory page size is 4096 bytes
 *** WARNING: you have enabled harakiri without post buffering. Slow upload could be rejected on post-unbuffered webservers *** 
detected max file descriptor number: 1024
lock engine: pthread robust mutexes
thunder lock: disabled (you can enable it with --thunder-lock)
uwsgi socket 0 bound to UNIX address /var/www/html/pricing_service/socket.sock fd 3
Python version: 3.4.5 (default, Dec 11 2017, 16:56:55)  [GCC 4.4.7 20120313 (Red Hat 4.4.7-18)]
Set PythonHome to /var/www/html/pricing_service/../venv
Python main interpreter initialized at 0x86308e0
python threads support enabled
your server socket listen backlog is limited to 100 connections
your mercy for graceful operations on workers is 60 seconds
mapped 1042848 bytes (1018 KB) for 64 cores
*** Operational MODE: preforking+threaded ***
added /var/www/html/pricing_service/ to pythonpath.
WSGI app 0 (mountpoint='') ready in 1 seconds on interpreter 0x86308e0 pid: 24609 (default app)
*** uWSGI is running in multiple interpreter mode ***
spawned uWSGI master process (pid: 24609)
spawned uWSGI worker 1 (pid: 24613, cores: 8)
spawned uWSGI worker 2 (pid: 24614, cores: 8)
spawned uWSGI worker 3 (pid: 24615, cores: 8)
spawned uWSGI worker 4 (pid: 24616, cores: 8)
spawned uWSGI worker 5 (pid: 24617, cores: 8)
spawned uWSGI worker 6 (pid: 24618, cores: 8)
spawned uWSGI worker 7 (pid: 24619, cores: 8)
spawned uWSGI worker 8 (pid: 24623, cores: 8)
[pid: 24614|app: 0|req: 1/1] 23.105.219.230 () {42 vars in 720 bytes} [Tue Feb  6 09:19:41 2018] GET / => generated 2469 bytes in 43 msecs (HTTP/1.1 200) 2 headers in 81 bytes (1 switches on core 0)
announcing my loyalty to the Emperor...
[pid: 24623|app: 0|req: 1/2] 23.105.219.230 () {42 vars in 755 bytes} [Tue Feb  6 10:05:45 2018] GET /users/register => generated 2706 bytes in 42 msecs (HTTP/1.1 200) 2 headers in 81 bytes (1 switches on core 0)
announcing my loyalty to the Emperor...
[pid: 24623|app: 0|req: 2/3] 23.105.219.230 () {40 vars in 682 bytes} [Tue Feb  6 10:05:45 2018] GET /favicon.ico => generated 233 bytes in 4 msecs (HTTP/1.1 404) 2 headers in 72 bytes (1 switches on core 1)
[pid: 24623|app: 0|req: 3/4] 23.105.219.230 () {44 vars in 786 bytes} [Tue Feb  6 10:19:54 2018] GET /users/register => generated 2706 bytes in 2 msecs (HTTP/1.1 200) 2 headers in 81 bytes (1 switches on core 5)
[pid: 24623|app: 0|req: 4/5] 52.174.52.33 () {30 vars in 371 bytes} [Tue Feb  6 12:12:28 2018] GET / => generated 2469 bytes in 15 msecs (HTTP/1.0 200) 2 headers in 81 bytes (1 switches on core 2)
[pid: 24623|app: 0|req: 5/6] 196.52.43.101 () {30 vars in 372 bytes} [Tue Feb  6 12:22:05 2018] GET / => generated 2469 bytes in 4 msecs (HTTP/1.0 200) 2 headers in 81 bytes (1 switches on core 3)
[pid: 24623|app: 0|req: 6/7] 63.246.129.99 () {32 vars in 404 bytes} [Tue Feb  6 14:15:24 2018] HEAD /phpmyadmin/scripts/setup.php => generated 0 bytes in 4 msecs (HTTP/1.1 404) 2 headers in 72 bytes (0 switches on core 4)
[pid: 24623|app: 0|req: 7/8] 189.54.234.249 () {32 vars in 381 bytes} [Tue Feb  6 19:39:08 2018] GET /hndUnblock.cgi => generated 233 bytes in 5 msecs (HTTP/1.1 404) 2 headers in 72 bytes (1 switches on core 6)
[pid: 24623|app: 0|req: 8/9] 189.54.234.249 () {32 vars in 379 bytes} [Tue Feb  6 19:39:11 2018] GET /tmUnblock.cgi => generated 233 bytes in 1 msecs (HTTP/1.1 404) 2 headers in 72 bytes (1 switches on core 7)
[pid: 24616|app: 0|req: 1/10] 189.54.234.249 () {32 vars in 359 bytes} [Tue Feb  6 19:39:14 2018] GET /moo => generated 233 bytes in 38 msecs (HTTP/1.1 404) 2 headers in 72 bytes (1 switches on core 0)
announcing my loyalty to the Emperor...
[pid: 24623|app: 0|req: 9/11] 189.54.234.249 () {32 vars in 353 bytes} [Tue Feb  6 19:39:17 2018] GET / => generated 2469 bytes in 4 msecs (HTTP/1.1 200) 2 headers in 81 bytes (1 switches on core 0)
[pid: 24623|app: 0|req: 10/12] 189.54.234.249 () {38 vars in 517 bytes} [Tue Feb  6 19:39:20 2018] POST /getcfg.php => generated 233 bytes in 1 msecs (HTTP/1.1 404) 2 headers in 72 bytes (1 switches on core 1)
[pid: 24614|app: 0|req: 2/13] 189.54.234.249 () {38 vars in 517 bytes} [Tue Feb  6 19:39:27 2018] POST /getcfg.php => generated 233 bytes in 9 msecs (HTTP/1.1 404) 2 headers in 72 bytes (1 switches on core 1)
[pid: 24623|app: 0|req: 11/14] 209.126.136.4 () {32 vars in 466 bytes} [Tue Feb  6 23:00:56 2018] GET / => generated 2469 bytes in 7 msecs (HTTP/1.1 200) 2 headers in 81 bytes (1 switches on core 5)
[pid: 24623|app: 0|req: 12/15] 63.246.129.99 () {32 vars in 404 bytes} [Tue Feb  6 23:10:14 2018] HEAD /phpmyadmin/scripts/setup.php => generated 0 bytes in 2 msecs (HTTP/1.1 404) 2 headers in 72 bytes (0 switches on core 2)
[pid: 24623|app: 0|req: 13/16] 172.104.108.109 () {34 vars in 388 bytes} [Tue Feb  6 23:11:32 2018] GET / => generated 2469 bytes in 6 msecs (HTTP/1.1 200) 2 headers in 81 bytes (1 switches on core 3)
[pid: 24623|app: 0|req: 14/17] 66.118.142.165 () {26 vars in 329 bytes} [Tue Feb  6 23:46:08 2018] HEAD /myadmin/scripts/setup.php => generated 0 bytes in 4 msecs (HTTP/1.0 404) 2 headers in 72 bytes (0 switches on core 4)
[pid: 24623|app: 0|req: 15/18] 60.191.38.77 () {36 vars in 572 bytes} [Wed Feb  7 04:41:12 2018] GET / => generated 2469 bytes in 8 msecs (HTTP/1.1 200) 2 headers in 81 bytes (1 switches on core 6)
[pid: 24623|app: 0|req: 16/19] 66.118.142.165 () {26 vars in 329 bytes} [Wed Feb  7 06:31:03 2018] HEAD /myadmin/scripts/setup.php => generated 0 bytes in 5 msecs (HTTP/1.0 404) 2 headers in 72 bytes (0 switches on core 7)
[pid: 24623|app: 0|req: 17/20] 198.143.158.84 () {32 vars in 373 bytes} [Wed Feb  7 13:32:36 2018] GET / => generated 2469 bytes in 8 msecs (HTTP/1.1 200) 2 headers in 81 bytes (1 switches on core 0)
[pid: 24623|app: 0|req: 18/21] 123.151.42.61 () {36 vars in 420 bytes} [Wed Feb  7 17:01:28 2018] GET / => generated 2469 bytes in 7 msecs (HTTP/1.1 200) 2 headers in 81 bytes (1 switches on core 1)
[pid: 24623|app: 0|req: 19/22] 66.118.142.165 () {26 vars in 329 bytes} [Wed Feb  7 23:11:27 2018] HEAD /myadmin/scripts/setup.php => generated 0 bytes in 5 msecs (HTTP/1.0 404) 2 headers in 72 bytes (0 switches on core 5)
[pid: 24623|app: 0|req: 20/23] 50.118.255.233 () {40 vars in 576 bytes} [Thu Feb  8 01:49:33 2018] GET / => generated 2469 bytes in 7 msecs (HTTP/1.1 200) 2 headers in 81 bytes (1 switches on core 2)
[pid: 24623|app: 0|req: 21/24] 71.6.202.198 () {32 vars in 415 bytes} [Thu Feb  8 02:59:11 2018] GET /ccvv => generated 233 bytes in 4 msecs (HTTP/1.1 404) 2 headers in 72 bytes (1 switches on core 3)
[pid: 24623|app: 0|req: 22/25] 45.76.46.189 () {36 vars in 558 bytes} [Thu Feb  8 05:03:27 2018] GET / => generated 2469 bytes in 7 msecs (HTTP/1.1 200) 2 headers in 81 bytes (1 switches on core 4)
[pid: 24623|app: 0|req: 23/26] 45.76.46.189 () {38 vars in 608 bytes} [Thu Feb  8 05:03:28 2018] GET /HNAP1/ => generated 233 bytes in 1 msecs (HTTP/1.1 404) 2 headers in 72 bytes (1 switches on core 6)
[pid: 24623|app: 0|req: 24/27] 66.118.142.165 () {26 vars in 329 bytes} [Thu Feb  8 07:26:02 2018] HEAD /myadmin/scripts/setup.php => generated 0 bytes in 5 msecs (HTTP/1.0 404) 2 headers in 72 bytes (0 switches on core 7)
[pid: 24623|app: 0|req: 25/28] 139.162.108.53 () {32 vars in 458 bytes} [Thu Feb  8 07:58:50 2018] GET / => generated 2469 bytes in 6 msecs (HTTP/1.1 200) 2 headers in 81 bytes (1 switches on core 0)
[pid: 24623|app: 0|req: 26/29] 66.118.142.165 () {26 vars in 329 bytes} [Thu Feb  8 14:32:19 2018] HEAD /myadmin/scripts/setup.php => generated 0 bytes in 5 msecs (HTTP/1.0 404) 2 headers in 72 bytes (0 switches on core 1)
[pid: 24623|app: 0|req: 27/30] 123.151.42.61 () {36 vars in 420 bytes} [Thu Feb  8 17:00:06 2018] GET / => generated 2469 bytes in 7 msecs (HTTP/1.1 200) 2 headers in 81 bytes (1 switches on core 5)
[pid: 24623|app: 0|req: 28/31] 66.118.142.165 () {26 vars in 329 bytes} [Thu Feb  8 20:56:31 2018] HEAD /myadmin/scripts/setup.php => generated 0 bytes in 5 msecs (HTTP/1.0 404) 2 headers in 72 bytes (0 switches on core 2)
[pid: 24623|app: 0|req: 29/32] 113.128.105.61 () {28 vars in 308 bytes} [Thu Feb  8 21:10:39 2018] GET / => generated 2469 bytes in 5 msecs (HTTP/1.0 200) 2 headers in 81 bytes (1 switches on core 3)
[pid: 24623|app: 0|req: 30/33] 23.105.219.230 () {40 vars in 689 bytes} [Thu Feb  8 22:47:37 2018] GET / => generated 2469 bytes in 8 msecs (HTTP/1.1 200) 2 headers in 81 bytes (1 switches on core 4)
[pid: 24623|app: 0|req: 31/34] 23.105.219.230 () {44 vars in 773 bytes} [Thu Feb  8 22:47:38 2018] GET /static/css/style.css => generated 0 bytes in 19 msecs (HTTP/1.1 304) 4 headers in 183 bytes (0 switches on core 6)
[pid: 24623|app: 0|req: 32/35] 23.105.219.230 () {40 vars in 668 bytes} [Thu Feb  8 22:47:38 2018] GET /favicon.ico => generated 233 bytes in 1 msecs (HTTP/1.1 404) 2 headers in 72 bytes (1 switches on core 7)
...brutally killing workers...
Thu Feb  8 22:51:10 2018 - received message 0 from emperor
worker 1 buried after 1 seconds
worker 2 buried after 1 seconds
worker 3 buried after 1 seconds
worker 4 buried after 1 seconds
worker 5 buried after 1 seconds
worker 6 buried after 1 seconds
worker 7 buried after 1 seconds
worker 8 buried after 1 seconds
binary reloading uWSGI...
chdir() to /
closing all non-uwsgi socket fds > 2 (max_fd = 1024)...
found fd 3 mapped to socket 0 (/var/www/html/pricing_service/socket.sock)
running /var/www/html/venv/bin/uwsgi
*** has_emperor mode detected (fd: 5) ***
[uWSGI] getting INI configuration from /var/www/html/pricing_service/uwsgi.ini
*** Starting uWSGI 2.0.15 (32bit) on [Thu Feb  8 22:51:11 2018] ***
compiled with version: 4.4.7 20120313 (Red Hat 4.4.7-18) on 05 February 2018 11:22:18
os: Linux-4.10.4-1.el6.elrepo.i686 #1 SMP Sat Mar 18 11:05:18 EDT 2017
nodename: host.localdomain
machine: i686
clock source: unix
pcre jit disabled
detected number of CPU cores: 1
current working directory: /
detected binary path: /var/www/html/venv/bin/uwsgi
uWSGI running as root, you can use --uid/--gid/--chroot options
*** WARNING: you are running uWSGI as root !!! (use the --uid flag) *** 
your processes number limit is 3897
your memory page size is 4096 bytes
 *** WARNING: you have enabled harakiri without post buffering. Slow upload could be rejected on post-unbuffered webservers *** 
detected max file descriptor number: 1024
lock engine: pthread robust mutexes
thunder lock: disabled (you can enable it with --thunder-lock)
uwsgi socket 0 inherited UNIX address /var/www/html/pricing_service/socket.sock fd 3
Python version: 3.4.5 (default, Dec 11 2017, 16:56:55)  [GCC 4.4.7 20120313 (Red Hat 4.4.7-18)]
Set PythonHome to /var/www/html/pricing_service/../venv
Python main interpreter initialized at 0x96928a8
python threads support enabled
your server socket listen backlog is limited to 100 connections
your mercy for graceful operations on workers is 60 seconds
mapped 1042848 bytes (1018 KB) for 64 cores
*** Operational MODE: preforking+threaded ***
added /var/www/html/pricing_service/ to pythonpath.
Traceback (most recent call last):
  File "/var/www/html/pricing_service/src/app.py", line 2, in <module>
    from src.common.database import Database
  File "/var/www/html/pricing_service/src/common/database.py", line 5, in <module>
    class Database(object):
  File "/var/www/html/pricing_service/src/common/database.py", line 6, in Database
    URI = os.environ.get('MONGODB_URI').replace('\"',"")
AttributeError: 'NoneType' object has no attribute 'replace'
unable to load app 0 (mountpoint='') (callable not found or import error)
*** no app loaded. going in full dynamic mode ***
*** uWSGI is running in multiple interpreter mode ***
gracefully (RE)spawned uWSGI master process (pid: 24609)
spawned uWSGI worker 1 (pid: 26200, cores: 8)
spawned uWSGI worker 2 (pid: 26201, cores: 8)
spawned uWSGI worker 3 (pid: 26202, cores: 8)
spawned uWSGI worker 4 (pid: 26203, cores: 8)
spawned uWSGI worker 5 (pid: 26204, cores: 8)
spawned uWSGI worker 6 (pid: 26205, cores: 8)
spawned uWSGI worker 7 (pid: 26206, cores: 8)
spawned uWSGI worker 8 (pid: 26207, cores: 8)
*** Starting uWSGI 2.0.15 (32bit) on [Thu Feb  8 22:51:15 2018] ***
compiled with version: 4.4.7 20120313 (Red Hat 4.4.7-18) on 05 February 2018 11:22:18
os: Linux-4.10.4-1.el6.elrepo.i686 #1 SMP Sat Mar 18 11:05:18 EDT 2017
nodename: host.localdomain
machine: i686
clock source: unix
pcre jit disabled
detected number of CPU cores: 1
current working directory: /
detected binary path: /var/www/html/venv/bin/uwsgi
uWSGI running as root, you can use --uid/--gid/--chroot options
*** WARNING: you are running uWSGI as root !!! (use the --uid flag) *** 
your processes number limit is 3897
your memory page size is 4096 bytes
 *** WARNING: you have enabled harakiri without post buffering. Slow upload could be rejected on post-unbuffered webservers *** 
detected max file descriptor number: 1024
lock engine: pthread robust mutexes
thunder lock: disabled (you can enable it with --thunder-lock)
uwsgi socket 0 bound to UNIX address /var/www/html/pricing_service/socket.sock fd 3
Python version: 3.4.5 (default, Dec 11 2017, 16:56:55)  [GCC 4.4.7 20120313 (Red Hat 4.4.7-18)]
Set PythonHome to /var/www/html/pricing_service/../venv
Python main interpreter initialized at 0x9f9c8e0
python threads support enabled
your server socket listen backlog is limited to 100 connections
your mercy for graceful operations on workers is 60 seconds
mapped 1042848 bytes (1018 KB) for 64 cores
*** Operational MODE: preforking+threaded ***
added /var/www/html/pricing_service/ to pythonpath.
Traceback (most recent call last):
  File "/var/www/html/pricing_service/src/app.py", line 2, in <module>
    from src.common.database import Database
  File "/var/www/html/pricing_service/src/common/database.py", line 5, in <module>
    class Database(object):
  File "/var/www/html/pricing_service/src/common/database.py", line 6, in Database
    URI = os.environ.get('MONGODB_URI').replace('\"',"")
AttributeError: 'NoneType' object has no attribute 'replace'
unable to load app 0 (mountpoint='') (callable not found or import error)
*** no app loaded. going in full dynamic mode ***
*** uWSGI is running in multiple interpreter mode ***
spawned uWSGI master process (pid: 26266)
spawned uWSGI worker 1 (pid: 26270, cores: 8)
spawned uWSGI worker 2 (pid: 26271, cores: 8)
spawned uWSGI worker 3 (pid: 26272, cores: 8)
spawned uWSGI worker 4 (pid: 26273, cores: 8)
spawned uWSGI worker 5 (pid: 26274, cores: 8)
spawned uWSGI worker 6 (pid: 26275, cores: 8)
spawned uWSGI worker 7 (pid: 26276, cores: 8)
spawned uWSGI worker 8 (pid: 26282, cores: 8)
--- no python application found, check your startup logs for errors ---
[pid: 26282|app: -1|req: -1/1] 23.105.219.230 () {42 vars in 720 bytes} [Thu Feb  8 22:54:29 2018] GET / => generated 21 bytes in 0 msecs (HTTP/1.1 500) 2 headers in 83 bytes (0 switches on core 0)
announcing my loyalty to the Emperor...
...brutally killing workers...
Thu Feb  8 23:06:42 2018 - received message 0 from emperor
worker 1 buried after 1 seconds
worker 2 buried after 1 seconds
worker 3 buried after 1 seconds
worker 4 buried after 1 seconds
worker 5 buried after 1 seconds
worker 6 buried after 1 seconds
worker 7 buried after 1 seconds
worker 8 buried after 1 seconds
binary reloading uWSGI...
chdir() to /
closing all non-uwsgi socket fds > 2 (max_fd = 1024)...
found fd 3 mapped to socket 0 (/var/www/html/pricing_service/socket.sock)
running /var/www/html/venv/bin/uwsgi
*** has_emperor mode detected (fd: 5) ***
[uWSGI] getting INI configuration from /var/www/html/pricing_service/uwsgi.ini
*** Starting uWSGI 2.0.15 (32bit) on [Thu Feb  8 23:06:43 2018] ***
compiled with version: 4.4.7 20120313 (Red Hat 4.4.7-18) on 05 February 2018 11:22:18
os: Linux-4.10.4-1.el6.elrepo.i686 #1 SMP Sat Mar 18 11:05:18 EDT 2017
nodename: host.localdomain
machine: i686
clock source: unix
pcre jit disabled
detected number of CPU cores: 1
current working directory: /
detected binary path: /var/www/html/venv/bin/uwsgi
uWSGI running as root, you can use --uid/--gid/--chroot options
*** WARNING: you are running uWSGI as root !!! (use the --uid flag) *** 
your processes number limit is 3897
your memory page size is 4096 bytes
 *** WARNING: you have enabled harakiri without post buffering. Slow upload could be rejected on post-unbuffered webservers *** 
detected max file descriptor number: 1024
lock engine: pthread robust mutexes
thunder lock: disabled (you can enable it with --thunder-lock)
uwsgi socket 0 inherited UNIX address /var/www/html/pricing_service/socket.sock fd 3
Python version: 3.4.5 (default, Dec 11 2017, 16:56:55)  [GCC 4.4.7 20120313 (Red Hat 4.4.7-18)]
Set PythonHome to /var/www/html/pricing_service/../venv
Python main interpreter initialized at 0x9d2d8a8
python threads support enabled
your server socket listen backlog is limited to 100 connections
your mercy for graceful operations on workers is 60 seconds
mapped 1042848 bytes (1018 KB) for 64 cores
*** Operational MODE: preforking+threaded ***
added /var/www/html/pricing_service/ to pythonpath.
Traceback (most recent call last):
  File "/var/www/html/pricing_service/src/app.py", line 2, in <module>
    from src.common.database import Database
  File "/var/www/html/pricing_service/src/common/database.py", line 5, in <module>
    class Database(object):
  File "/var/www/html/pricing_service/src/common/database.py", line 6, in Database
    URI = os.environ.get('MONGODB_URI').replace('\"',"")
AttributeError: 'NoneType' object has no attribute 'replace'
unable to load app 0 (mountpoint='') (callable not found or import error)
*** no app loaded. going in full dynamic mode ***
*** uWSGI is running in multiple interpreter mode ***
gracefully (RE)spawned uWSGI master process (pid: 26266)
spawned uWSGI worker 1 (pid: 26409, cores: 8)
spawned uWSGI worker 2 (pid: 26410, cores: 8)
spawned uWSGI worker 3 (pid: 26411, cores: 8)
spawned uWSGI worker 4 (pid: 26412, cores: 8)
spawned uWSGI worker 5 (pid: 26413, cores: 8)
spawned uWSGI worker 6 (pid: 26414, cores: 8)
spawned uWSGI worker 7 (pid: 26415, cores: 8)
spawned uWSGI worker 8 (pid: 26416, cores: 8)
*** Starting uWSGI 2.0.15 (32bit) on [Thu Feb  8 23:06:47 2018] ***
compiled with version: 4.4.7 20120313 (Red Hat 4.4.7-18) on 05 February 2018 11:22:18
os: Linux-4.10.4-1.el6.elrepo.i686 #1 SMP Sat Mar 18 11:05:18 EDT 2017
nodename: host.localdomain
machine: i686
clock source: unix
pcre jit disabled
detected number of CPU cores: 1
current working directory: /
detected binary path: /var/www/html/venv/bin/uwsgi
uWSGI running as root, you can use --uid/--gid/--chroot options
*** WARNING: you are running uWSGI as root !!! (use the --uid flag) *** 
your processes number limit is 3897
your memory page size is 4096 bytes
 *** WARNING: you have enabled harakiri without post buffering. Slow upload could be rejected on post-unbuffered webservers *** 
detected max file descriptor number: 1024
lock engine: pthread robust mutexes
thunder lock: disabled (you can enable it with --thunder-lock)
uwsgi socket 0 bound to UNIX address /var/www/html/pricing_service/socket.sock fd 3
Python version: 3.4.5 (default, Dec 11 2017, 16:56:55)  [GCC 4.4.7 20120313 (Red Hat 4.4.7-18)]
Set PythonHome to /var/www/html/pricing_service/../venv
Python main interpreter initialized at 0x89c58e0
python threads support enabled
your server socket listen backlog is limited to 100 connections
your mercy for graceful operations on workers is 60 seconds
mapped 1042848 bytes (1018 KB) for 64 cores
*** Operational MODE: preforking+threaded ***
added /var/www/html/pricing_service/ to pythonpath.
Traceback (most recent call last):
  File "/var/www/html/pricing_service/src/app.py", line 2, in <module>
    from src.common.database import Database
  File "/var/www/html/pricing_service/src/common/database.py", line 5, in <module>
    class Database(object):
  File "/var/www/html/pricing_service/src/common/database.py", line 6, in Database
    URI = os.environ.get('MONGODB_URI').replace('\"',"")
AttributeError: 'NoneType' object has no attribute 'replace'
unable to load app 0 (mountpoint='') (callable not found or import error)
*** no app loaded. going in full dynamic mode ***
*** uWSGI is running in multiple interpreter mode ***
spawned uWSGI master process (pid: 26475)
spawned uWSGI worker 1 (pid: 26479, cores: 8)
spawned uWSGI worker 2 (pid: 26480, cores: 8)
spawned uWSGI worker 3 (pid: 26481, cores: 8)
spawned uWSGI worker 4 (pid: 26482, cores: 8)
spawned uWSGI worker 5 (pid: 26483, cores: 8)
spawned uWSGI worker 6 (pid: 26484, cores: 8)
spawned uWSGI worker 7 (pid: 26485, cores: 8)
spawned uWSGI worker 8 (pid: 26486, cores: 8)
--- no python application found, check your startup logs for errors ---
[pid: 26481|app: -1|req: -1/1] 23.105.219.230 () {42 vars in 720 bytes} [Thu Feb  8 23:07:18 2018] GET / => generated 21 bytes in 0 msecs (HTTP/1.1 500) 2 headers in 83 bytes (0 switches on core 1)
announcing my loyalty to the Emperor...
...brutally killing workers...
Thu Feb  8 23:34:42 2018 - received message 0 from emperor
worker 1 buried after 1 seconds
worker 2 buried after 1 seconds
worker 3 buried after 1 seconds
worker 4 buried after 1 seconds
worker 5 buried after 1 seconds
worker 6 buried after 1 seconds
worker 7 buried after 1 seconds
worker 8 buried after 1 seconds
binary reloading uWSGI...
chdir() to /
closing all non-uwsgi socket fds > 2 (max_fd = 1024)...
found fd 3 mapped to socket 0 (/var/www/html/pricing_service/socket.sock)
running /var/www/html/venv/bin/uwsgi
*** has_emperor mode detected (fd: 5) ***
[uWSGI] getting INI configuration from /var/www/html/pricing_service/uwsgi.ini
*** Starting uWSGI 2.0.15 (32bit) on [Thu Feb  8 23:34:43 2018] ***
compiled with version: 4.4.7 20120313 (Red Hat 4.4.7-18) on 05 February 2018 11:22:18
os: Linux-4.10.4-1.el6.elrepo.i686 #1 SMP Sat Mar 18 11:05:18 EDT 2017
nodename: host.localdomain
machine: i686
clock source: unix
pcre jit disabled
detected number of CPU cores: 1
current working directory: /
detected binary path: /var/www/html/venv/bin/uwsgi
uWSGI running as root, you can use --uid/--gid/--chroot options
*** WARNING: you are running uWSGI as root !!! (use the --uid flag) *** 
your processes number limit is 3897
your memory page size is 4096 bytes
 *** WARNING: you have enabled harakiri without post buffering. Slow upload could be rejected on post-unbuffered webservers *** 
detected max file descriptor number: 1024
lock engine: pthread robust mutexes
thunder lock: disabled (you can enable it with --thunder-lock)
uwsgi socket 0 inherited UNIX address /var/www/html/pricing_service/socket.sock fd 3
Python version: 3.4.5 (default, Dec 11 2017, 16:56:55)  [GCC 4.4.7 20120313 (Red Hat 4.4.7-18)]
Set PythonHome to /var/www/html/pricing_service/../venv
Python main interpreter initialized at 0x973a8a8
python threads support enabled
your server socket listen backlog is limited to 100 connections
your mercy for graceful operations on workers is 60 seconds
mapped 1042848 bytes (1018 KB) for 64 cores
*** Operational MODE: preforking+threaded ***
added /var/www/html/pricing_service/ to pythonpath.
Traceback (most recent call last):
  File "/var/www/html/pricing_service/src/app.py", line 2, in <module>
    from src.common.database import Database
  File "/var/www/html/pricing_service/src/common/database.py", line 5, in <module>
    class Database(object):
  File "/var/www/html/pricing_service/src/common/database.py", line 6, in Database
    URI = os.environ.get('MONGODB_URI').replace('\"',"")
AttributeError: 'NoneType' object has no attribute 'replace'
unable to load app 0 (mountpoint='') (callable not found or import error)
*** no app loaded. going in full dynamic mode ***
*** uWSGI is running in multiple interpreter mode ***
gracefully (RE)spawned uWSGI master process (pid: 26475)
spawned uWSGI worker 1 (pid: 26584, cores: 8)
spawned uWSGI worker 2 (pid: 26585, cores: 8)
spawned uWSGI worker 3 (pid: 26586, cores: 8)
spawned uWSGI worker 4 (pid: 26587, cores: 8)
spawned uWSGI worker 5 (pid: 26588, cores: 8)
spawned uWSGI worker 6 (pid: 26589, cores: 8)
spawned uWSGI worker 7 (pid: 26590, cores: 8)
spawned uWSGI worker 8 (pid: 26591, cores: 8)
*** Starting uWSGI 2.0.15 (32bit) on [Thu Feb  8 23:34:47 2018] ***
compiled with version: 4.4.7 20120313 (Red Hat 4.4.7-18) on 05 February 2018 11:22:18
os: Linux-4.10.4-1.el6.elrepo.i686 #1 SMP Sat Mar 18 11:05:18 EDT 2017
nodename: host.localdomain
machine: i686
clock source: unix
pcre jit disabled
detected number of CPU cores: 1
current working directory: /
detected binary path: /var/www/html/venv/bin/uwsgi
uWSGI running as root, you can use --uid/--gid/--chroot options
*** WARNING: you are running uWSGI as root !!! (use the --uid flag) *** 
your processes number limit is 3897
your memory page size is 4096 bytes
 *** WARNING: you have enabled harakiri without post buffering. Slow upload could be rejected on post-unbuffered webservers *** 
detected max file descriptor number: 1024
lock engine: pthread robust mutexes
thunder lock: disabled (you can enable it with --thunder-lock)
uwsgi socket 0 bound to UNIX address /var/www/html/pricing_service/socket.sock fd 3
Python version: 3.4.5 (default, Dec 11 2017, 16:56:55)  [GCC 4.4.7 20120313 (Red Hat 4.4.7-18)]
Set PythonHome to /var/www/html/pricing_service/../venv
Python main interpreter initialized at 0x878b8e0
python threads support enabled
your server socket listen backlog is limited to 100 connections
your mercy for graceful operations on workers is 60 seconds
mapped 1042848 bytes (1018 KB) for 64 cores
*** Operational MODE: preforking+threaded ***
added /var/www/html/pricing_service/ to pythonpath.
Traceback (most recent call last):
  File "/var/www/html/pricing_service/src/app.py", line 2, in <module>
    from src.common.database import Database
  File "/var/www/html/pricing_service/src/common/database.py", line 5, in <module>
    class Database(object):
  File "/var/www/html/pricing_service/src/common/database.py", line 6, in Database
    URI = os.environ.get('MONGODB_URI').replace('\"',"")
AttributeError: 'NoneType' object has no attribute 'replace'
unable to load app 0 (mountpoint='') (callable not found or import error)
*** no app loaded. going in full dynamic mode ***
*** uWSGI is running in multiple interpreter mode ***
spawned uWSGI master process (pid: 26650)
spawned uWSGI worker 1 (pid: 26654, cores: 8)
spawned uWSGI worker 2 (pid: 26655, cores: 8)
spawned uWSGI worker 3 (pid: 26656, cores: 8)
spawned uWSGI worker 4 (pid: 26657, cores: 8)
spawned uWSGI worker 5 (pid: 26658, cores: 8)
spawned uWSGI worker 6 (pid: 26659, cores: 8)
spawned uWSGI worker 7 (pid: 26660, cores: 8)
spawned uWSGI worker 8 (pid: 26661, cores: 8)
--- no python application found, check your startup logs for errors ---
[pid: 26657|app: -1|req: -1/1] 23.105.219.230 () {42 vars in 720 bytes} [Thu Feb  8 23:35:29 2018] GET / => generated 21 bytes in 0 msecs (HTTP/1.1 500) 2 headers in 83 bytes (0 switches on core 0)
announcing my loyalty to the Emperor...
--- no python application found, check your startup logs for errors ---
[pid: 26659|app: -1|req: -1/2] 107.170.232.84 () {34 vars in 391 bytes} [Fri Feb  9 00:07:53 2018] GET / => generated 21 bytes in 0 msecs (HTTP/1.1 500) 2 headers in 83 bytes (0 switches on core 0)
announcing my loyalty to the Emperor...
--- no python application found, check your startup logs for errors ---
[pid: 26659|app: -1|req: -1/3] 94.102.49.193 () {34 vars in 533 bytes} [Fri Feb  9 00:50:05 2018] GET / => generated 21 bytes in 0 msecs (HTTP/1.1 500) 2 headers in 83 bytes (0 switches on core 1)
--- no python application found, check your startup logs for errors ---
[pid: 26659|app: -1|req: -1/4] 94.102.49.193 () {30 vars in 358 bytes} [Fri Feb  9 00:50:14 2018] GET /sitemap.xml => generated 21 bytes in 0 msecs (HTTP/1.1 500) 2 headers in 83 bytes (0 switches on core 1)
--- no python application found, check your startup logs for errors ---
[pid: 26659|app: -1|req: -1/5] 94.102.49.193 () {36 vars in 451 bytes} [Fri Feb  9 00:50:23 2018] GET /favicon.ico => generated 21 bytes in 0 msecs (HTTP/1.1 500) 2 headers in 83 bytes (0 switches on core 1)
...brutally killing workers...
Fri Feb  9 01:15:43 2018 - received message 0 from emperor
worker 1 buried after 1 seconds
worker 2 buried after 1 seconds
worker 3 buried after 1 seconds
worker 4 buried after 1 seconds
worker 5 buried after 1 seconds
worker 6 buried after 1 seconds
worker 7 buried after 1 seconds
worker 8 buried after 1 seconds
binary reloading uWSGI...
chdir() to /
closing all non-uwsgi socket fds > 2 (max_fd = 1024)...
found fd 3 mapped to socket 0 (/var/www/html/pricing_service/socket.sock)
running /var/www/html/venv/bin/uwsgi
*** has_emperor mode detected (fd: 5) ***
[uWSGI] getting INI configuration from /var/www/html/pricing_service/uwsgi.ini
*** Starting uWSGI 2.0.15 (32bit) on [Fri Feb  9 01:15:44 2018] ***
compiled with version: 4.4.7 20120313 (Red Hat 4.4.7-18) on 05 February 2018 11:22:18
os: Linux-4.10.4-1.el6.elrepo.i686 #1 SMP Sat Mar 18 11:05:18 EDT 2017
nodename: host.localdomain
machine: i686
clock source: unix
pcre jit disabled
detected number of CPU cores: 1
current working directory: /
detected binary path: /var/www/html/venv/bin/uwsgi
uWSGI running as root, you can use --uid/--gid/--chroot options
*** WARNING: you are running uWSGI as root !!! (use the --uid flag) *** 
your processes number limit is 3897
your memory page size is 4096 bytes
 *** WARNING: you have enabled harakiri without post buffering. Slow upload could be rejected on post-unbuffered webservers *** 
detected max file descriptor number: 1024
lock engine: pthread robust mutexes
thunder lock: disabled (you can enable it with --thunder-lock)
uwsgi socket 0 inherited UNIX address /var/www/html/pricing_service/socket.sock fd 3
Python version: 3.4.5 (default, Dec 11 2017, 16:56:55)  [GCC 4.4.7 20120313 (Red Hat 4.4.7-18)]
Set PythonHome to /var/www/html/pricing_service/../venv
Python main interpreter initialized at 0x8db88a8
python threads support enabled
your server socket listen backlog is limited to 100 connections
your mercy for graceful operations on workers is 60 seconds
mapped 1042848 bytes (1018 KB) for 64 cores
*** Operational MODE: preforking+threaded ***
added /var/www/html/pricing_service/ to pythonpath.
Traceback (most recent call last):
  File "/var/www/html/pricing_service/src/app.py", line 2, in <module>
    from src.common.database import Database
  File "/var/www/html/pricing_service/src/common/database.py", line 5, in <module>
    class Database(object):
  File "/var/www/html/pricing_service/src/common/database.py", line 6, in Database
    URI = os.environ.get('MONGODB_URI').replace('\"',"")
AttributeError: 'NoneType' object has no attribute 'replace'
unable to load app 0 (mountpoint='') (callable not found or import error)
*** no app loaded. going in full dynamic mode ***
*** uWSGI is running in multiple interpreter mode ***
gracefully (RE)spawned uWSGI master process (pid: 26650)
spawned uWSGI worker 1 (pid: 26767, cores: 8)
spawned uWSGI worker 2 (pid: 26768, cores: 8)
spawned uWSGI worker 3 (pid: 26769, cores: 8)
spawned uWSGI worker 4 (pid: 26770, cores: 8)
spawned uWSGI worker 5 (pid: 26771, cores: 8)
spawned uWSGI worker 6 (pid: 26772, cores: 8)
spawned uWSGI worker 7 (pid: 26773, cores: 8)
spawned uWSGI worker 8 (pid: 26774, cores: 8)
*** Starting uWSGI 2.0.15 (32bit) on [Fri Feb  9 01:15:48 2018] ***
compiled with version: 4.4.7 20120313 (Red Hat 4.4.7-18) on 05 February 2018 11:22:18
os: Linux-4.10.4-1.el6.elrepo.i686 #1 SMP Sat Mar 18 11:05:18 EDT 2017
nodename: host.localdomain
machine: i686
clock source: unix
pcre jit disabled
detected number of CPU cores: 1
current working directory: /
detected binary path: /var/www/html/venv/bin/uwsgi
uWSGI running as root, you can use --uid/--gid/--chroot options
*** WARNING: you are running uWSGI as root !!! (use the --uid flag) *** 
your processes number limit is 3897
your memory page size is 4096 bytes
 *** WARNING: you have enabled harakiri without post buffering. Slow upload could be rejected on post-unbuffered webservers *** 
detected max file descriptor number: 1024
lock engine: pthread robust mutexes
thunder lock: disabled (you can enable it with --thunder-lock)
uwsgi socket 0 bound to UNIX address /var/www/html/pricing_service/socket.sock fd 3
Python version: 3.4.5 (default, Dec 11 2017, 16:56:55)  [GCC 4.4.7 20120313 (Red Hat 4.4.7-18)]
Set PythonHome to /var/www/html/pricing_service/../venv
Python main interpreter initialized at 0x9ffd8e0
python threads support enabled
your server socket listen backlog is limited to 100 connections
your mercy for graceful operations on workers is 60 seconds
mapped 1042848 bytes (1018 KB) for 64 cores
*** Operational MODE: preforking+threaded ***
added /var/www/html/pricing_service/ to pythonpath.
Traceback (most recent call last):
  File "/var/www/html/pricing_service/src/app.py", line 2, in <module>
    from src.common.database import Database
  File "/var/www/html/pricing_service/src/common/database.py", line 5, in <module>
    class Database(object):
  File "/var/www/html/pricing_service/src/common/database.py", line 6, in Database
    URI = os.environ.get('MONGODB_URI').replace('\"',"")
AttributeError: 'NoneType' object has no attribute 'replace'
unable to load app 0 (mountpoint='') (callable not found or import error)
*** no app loaded. going in full dynamic mode ***
*** uWSGI is running in multiple interpreter mode ***
spawned uWSGI master process (pid: 26833)
spawned uWSGI worker 1 (pid: 26837, cores: 8)
spawned uWSGI worker 2 (pid: 26838, cores: 8)
spawned uWSGI worker 3 (pid: 26839, cores: 8)
spawned uWSGI worker 4 (pid: 26840, cores: 8)
spawned uWSGI worker 5 (pid: 26841, cores: 8)
spawned uWSGI worker 6 (pid: 26842, cores: 8)
spawned uWSGI worker 7 (pid: 26843, cores: 8)
spawned uWSGI worker 8 (pid: 26844, cores: 8)
--- no python application found, check your startup logs for errors ---
[pid: 26842|app: -1|req: -1/1] 223.73.255.115 () {42 vars in 719 bytes} [Fri Feb  9 01:15:57 2018] GET / => generated 21 bytes in 0 msecs (HTTP/1.1 500) 2 headers in 83 bytes (0 switches on core 0)
announcing my loyalty to the Emperor...
--- no python application found, check your startup logs for errors ---
[pid: 26839|app: -1|req: -1/2] 223.73.255.115 () {44 vars in 720 bytes} [Fri Feb  9 01:15:57 2018] GET /favicon.ico => generated 21 bytes in 0 msecs (HTTP/1.1 500) 2 headers in 83 bytes (0 switches on core 0)
announcing my loyalty to the Emperor...
